<?xml version="1.0" encoding="UTF-8"?>
<!-- Generated by org.testng.reporters.JUnitXMLReporter -->
<testsuite ignored="0" hostname="MAHESH" failures="0" tests="3" name="Default test" time="7.072" errors="0" timestamp="2025-05-12T11:26:20 IST">
  <testcase classname="org.Sam.FooterResponsiveTestNG" name="TC_158_verifyFooterOnDesktop" time="3.646"/>
  <testcase classname="org.Sam.FooterResponsiveTestNG" name="TC_159_verifyFooterOnTablet" time="0.914"/>
  <testcase classname="org.Sam.FooterResponsiveTestNG" name="TC_160_verifyFooterOnMobile" time="0.594"/>
</testsuite> <!-- Default test -->
